============================= test session starts =============================
platform win32 -- Python 3.14.5, pytest-9.1.0, pluggy-1.6.0 -- C:\Users\Mr_X\AppData\Local\Python\pythoncore-3.14-64\python.exe
cachedir: .pytest_cache
rootdir: C:\Users\Mr_X\Desktop\Sub-Process Traceability
plugins: mock-3.15.1
collecting ... collected 5 items

tests/test_database.py::test_hash_and_verify_password PASSED             [ 20%]
tests/test_database.py::test_init_db_creates_tables PASSED               [ 40%]
tests/test_database.py::test_load_sf_data PASSED                         [ 60%]
tests/test_reports.py::test_generate_daily_pdf_report PASSED             [ 80%]
tests/test_logic.py::test_downtime_calculation_logic SKIPPED (Downti...) [100%]

======================== 4 passed, 1 skipped in 3.52s =========================
